{"C:\\Users\\ondro\\source\\repos\\JS\\git-local-branch-cleanup\\src\\index.js": {"path":"C:\\Users\\ondro\\source\\repos\\JS\\git-local-branch-cleanup\\src\\index.js","statementMap":{"0":{"start":{"line":3,"column":21},"end":{"line":3,"column":45}},"1":{"start":{"line":4,"column":17},"end":{"line":4,"column":36}},"2":{"start":{"line":5,"column":22},"end":{"line":5,"column":40}},"3":{"start":{"line":6,"column":16},"end":{"line":6,"column":42}},"4":{"start":{"line":7,"column":13},"end":{"line":7,"column":28}},"5":{"start":{"line":10,"column":15},"end":{"line":17,"column":1}},"6":{"start":{"line":21,"column":4},"end":{"line":21,"column":24}},"7":{"start":{"line":22,"column":4},"end":{"line":22,"column":25}},"8":{"start":{"line":23,"column":4},"end":{"line":23,"column":31}},"9":{"start":{"line":24,"column":4},"end":{"line":24,"column":24}},"10":{"start":{"line":25,"column":4},"end":{"line":25,"column":28}},"11":{"start":{"line":26,"column":4},"end":{"line":26,"column":33}},"12":{"start":{"line":31,"column":4},"end":{"line":31,"column":61}},"13":{"start":{"line":31,"column":36},"end":{"line":31,"column":59}},"14":{"start":{"line":35,"column":4},"end":{"line":47,"column":5}},"15":{"start":{"line":36,"column":21},"end":{"line":40,"column":8}},"16":{"start":{"line":41,"column":6},"end":{"line":41,"column":27}},"17":{"start":{"line":43,"column":6},"end":{"line":45,"column":7}},"18":{"start":{"line":44,"column":8},"end":{"line":44,"column":20}},"19":{"start":{"line":46,"column":6},"end":{"line":46,"column":18}},"20":{"start":{"line":51,"column":4},"end":{"line":51,"column":59}},"21":{"start":{"line":52,"column":4},"end":{"line":52,"column":25}},"22":{"start":{"line":55,"column":4},"end":{"line":61,"column":5}},"23":{"start":{"line":59,"column":6},"end":{"line":59,"column":52}},"24":{"start":{"line":60,"column":6},"end":{"line":60,"column":22}},"25":{"start":{"line":62,"column":4},"end":{"line":62,"column":26}},"26":{"start":{"line":64,"column":4},"end":{"line":64,"column":57}},"27":{"start":{"line":66,"column":4},"end":{"line":71,"column":5}},"28":{"start":{"line":67,"column":6},"end":{"line":69,"column":8}},"29":{"start":{"line":70,"column":6},"end":{"line":70,"column":22}},"30":{"start":{"line":72,"column":4},"end":{"line":72,"column":26}},"31":{"start":{"line":74,"column":4},"end":{"line":74,"column":69}},"32":{"start":{"line":76,"column":4},"end":{"line":79,"column":5}},"33":{"start":{"line":77,"column":6},"end":{"line":77,"column":80}},"34":{"start":{"line":78,"column":6},"end":{"line":78,"column":22}},"35":{"start":{"line":80,"column":4},"end":{"line":80,"column":26}},"36":{"start":{"line":82,"column":4},"end":{"line":82,"column":49}},"37":{"start":{"line":86,"column":4},"end":{"line":86,"column":60}},"38":{"start":{"line":87,"column":4},"end":{"line":87,"column":25}},"39":{"start":{"line":89,"column":4},"end":{"line":98,"column":5}},"40":{"start":{"line":90,"column":6},"end":{"line":92,"column":9}},"41":{"start":{"line":93,"column":6},"end":{"line":93,"column":28}},"42":{"start":{"line":94,"column":6},"end":{"line":94,"column":68}},"43":{"start":{"line":96,"column":6},"end":{"line":96,"column":57}},"44":{"start":{"line":97,"column":6},"end":{"line":97,"column":22}},"45":{"start":{"line":102,"column":4},"end":{"line":119,"column":5}},"46":{"start":{"line":103,"column":23},"end":{"line":106,"column":7}},"47":{"start":{"line":108,"column":6},"end":{"line":115,"column":40}},"48":{"start":{"line":110,"column":28},"end":{"line":110,"column":48}},"49":{"start":{"line":113,"column":12},"end":{"line":113,"column":75}},"50":{"start":{"line":115,"column":25},"end":{"line":115,"column":38}},"51":{"start":{"line":117,"column":6},"end":{"line":117,"column":57}},"52":{"start":{"line":118,"column":6},"end":{"line":118,"column":16}},"53":{"start":{"line":123,"column":4},"end":{"line":131,"column":5}},"54":{"start":{"line":124,"column":21},"end":{"line":127,"column":7}},"55":{"start":{"line":128,"column":6},"end":{"line":128,"column":20}},"56":{"start":{"line":130,"column":6},"end":{"line":130,"column":18}},"57":{"start":{"line":135,"column":4},"end":{"line":135,"column":61}},"58":{"start":{"line":136,"column":4},"end":{"line":136,"column":25}},"59":{"start":{"line":138,"column":21},"end":{"line":138,"column":50}},"60":{"start":{"line":140,"column":4},"end":{"line":143,"column":5}},"61":{"start":{"line":141,"column":6},"end":{"line":141,"column":58}},"62":{"start":{"line":142,"column":6},"end":{"line":142,"column":13}},"63":{"start":{"line":145,"column":4},"end":{"line":147,"column":6}},"64":{"start":{"line":150,"column":4},"end":{"line":192,"column":5}},"65":{"start":{"line":150,"column":17},"end":{"line":150,"column":18}},"66":{"start":{"line":151,"column":21},"end":{"line":151,"column":32}},"67":{"start":{"line":152,"column":6},"end":{"line":154,"column":8}},"68":{"start":{"line":156,"column":23},"end":{"line":156,"column":53}},"69":{"start":{"line":159,"column":6},"end":{"line":169,"column":7}},"70":{"start":{"line":160,"column":8},"end":{"line":163,"column":10}},"71":{"start":{"line":165,"column":8},"end":{"line":167,"column":10}},"72":{"start":{"line":168,"column":8},"end":{"line":168,"column":29}},"73":{"start":{"line":172,"column":6},"end":{"line":186,"column":7}},"74":{"start":{"line":174,"column":10},"end":{"line":174,"column":21}},"75":{"start":{"line":175,"column":10},"end":{"line":175,"column":27}},"76":{"start":{"line":176,"column":10},"end":{"line":176,"column":45}},"77":{"start":{"line":177,"column":10},"end":{"line":177,"column":16}},"78":{"start":{"line":179,"column":10},"end":{"line":179,"column":21}},"79":{"start":{"line":180,"column":10},"end":{"line":180,"column":25}},"80":{"start":{"line":181,"column":10},"end":{"line":181,"column":16}},"81":{"start":{"line":183,"column":10},"end":{"line":183,"column":21}},"82":{"start":{"line":184,"column":10},"end":{"line":184,"column":26}},"83":{"start":{"line":185,"column":10},"end":{"line":185,"column":16}},"84":{"start":{"line":188,"column":6},"end":{"line":188,"column":51}},"85":{"start":{"line":191,"column":6},"end":{"line":191,"column":28}},"86":{"start":{"line":194,"column":4},"end":{"line":194,"column":74}},"87":{"start":{"line":195,"column":4},"end":{"line":195,"column":20}},"88":{"start":{"line":199,"column":4},"end":{"line":199,"column":37}},"89":{"start":{"line":200,"column":4},"end":{"line":202,"column":6}},"90":{"start":{"line":203,"column":4},"end":{"line":203,"column":37}},"91":{"start":{"line":205,"column":4},"end":{"line":209,"column":7}},"92":{"start":{"line":206,"column":6},"end":{"line":208,"column":8}},"93":{"start":{"line":211,"column":4},"end":{"line":211,"column":37}},"94":{"start":{"line":215,"column":4},"end":{"line":218,"column":5}},"95":{"start":{"line":216,"column":6},"end":{"line":216,"column":65}},"96":{"start":{"line":217,"column":6},"end":{"line":217,"column":13}},"97":{"start":{"line":220,"column":4},"end":{"line":220,"column":20}},"98":{"start":{"line":221,"column":4},"end":{"line":227,"column":5}},"99":{"start":{"line":222,"column":6},"end":{"line":222,"column":72}},"100":{"start":{"line":224,"column":6},"end":{"line":226,"column":8}},"101":{"start":{"line":230,"column":4},"end":{"line":232,"column":7}},"102":{"start":{"line":231,"column":6},"end":{"line":231,"column":50}},"103":{"start":{"line":234,"column":4},"end":{"line":237,"column":5}},"104":{"start":{"line":235,"column":6},"end":{"line":235,"column":74}},"105":{"start":{"line":236,"column":6},"end":{"line":236,"column":13}},"106":{"start":{"line":239,"column":22},"end":{"line":241,"column":5}},"107":{"start":{"line":243,"column":4},"end":{"line":279,"column":5}},"108":{"start":{"line":244,"column":6},"end":{"line":244,"column":22}},"109":{"start":{"line":246,"column":25},"end":{"line":246,"column":26}},"110":{"start":{"line":247,"column":27},"end":{"line":247,"column":29}},"111":{"start":{"line":249,"column":6},"end":{"line":264,"column":7}},"112":{"start":{"line":249,"column":19},"end":{"line":249,"column":20}},"113":{"start":{"line":250,"column":23},"end":{"line":250,"column":47}},"114":{"start":{"line":251,"column":8},"end":{"line":253,"column":10}},"115":{"start":{"line":254,"column":8},"end":{"line":254,"column":29}},"116":{"start":{"line":256,"column":8},"end":{"line":263,"column":9}},"117":{"start":{"line":257,"column":10},"end":{"line":257,"column":62}},"118":{"start":{"line":258,"column":10},"end":{"line":258,"column":25}},"119":{"start":{"line":260,"column":10},"end":{"line":260,"column":32}},"120":{"start":{"line":262,"column":10},"end":{"line":262,"column":38}},"121":{"start":{"line":267,"column":6},"end":{"line":276,"column":7}},"122":{"start":{"line":268,"column":8},"end":{"line":268,"column":78}},"123":{"start":{"line":270,"column":8},"end":{"line":272,"column":10}},"124":{"start":{"line":273,"column":8},"end":{"line":275,"column":11}},"125":{"start":{"line":274,"column":10},"end":{"line":274,"column":62}},"126":{"start":{"line":278,"column":6},"end":{"line":278,"column":38}},"127":{"start":{"line":283,"column":15},"end":{"line":286,"column":6}},"128":{"start":{"line":288,"column":4},"end":{"line":293,"column":7}},"129":{"start":{"line":289,"column":6},"end":{"line":292,"column":9}},"130":{"start":{"line":290,"column":8},"end":{"line":290,"column":19}},"131":{"start":{"line":291,"column":8},"end":{"line":291,"column":80}},"132":{"start":{"line":297,"column":4},"end":{"line":325,"column":11}},"133":{"start":{"line":329,"column":17},"end":{"line":329,"column":38}},"134":{"start":{"line":331,"column":4},"end":{"line":339,"column":5}},"135":{"start":{"line":332,"column":6},"end":{"line":337,"column":7}},"136":{"start":{"line":333,"column":8},"end":{"line":333,"column":31}},"137":{"start":{"line":335,"column":8},"end":{"line":335,"column":72}},"138":{"start":{"line":336,"column":8},"end":{"line":336,"column":24}},"139":{"start":{"line":338,"column":6},"end":{"line":338,"column":19}},"140":{"start":{"line":340,"column":4},"end":{"line":359,"column":5}},"141":{"start":{"line":341,"column":6},"end":{"line":358,"column":7}},"142":{"start":{"line":344,"column":10},"end":{"line":344,"column":29}},"143":{"start":{"line":345,"column":10},"end":{"line":345,"column":16}},"144":{"start":{"line":348,"column":10},"end":{"line":348,"column":30}},"145":{"start":{"line":349,"column":10},"end":{"line":349,"column":16}},"146":{"start":{"line":352,"column":10},"end":{"line":352,"column":26}},"147":{"start":{"line":353,"column":10},"end":{"line":353,"column":19}},"148":{"start":{"line":355,"column":10},"end":{"line":355,"column":55}},"149":{"start":{"line":356,"column":10},"end":{"line":356,"column":65}},"150":{"start":{"line":357,"column":10},"end":{"line":357,"column":26}},"151":{"start":{"line":363,"column":4},"end":{"line":363,"column":20}},"152":{"start":{"line":365,"column":4},"end":{"line":368,"column":6}},"153":{"start":{"line":369,"column":4},"end":{"line":379,"column":5}},"154":{"start":{"line":370,"column":6},"end":{"line":370,"column":28}},"155":{"start":{"line":371,"column":6},"end":{"line":371,"column":37}},"156":{"start":{"line":372,"column":6},"end":{"line":372,"column":36}},"157":{"start":{"line":373,"column":6},"end":{"line":373,"column":33}},"158":{"start":{"line":374,"column":6},"end":{"line":374,"column":28}},"159":{"start":{"line":375,"column":6},"end":{"line":375,"column":34}},"160":{"start":{"line":377,"column":6},"end":{"line":377,"column":64}},"161":{"start":{"line":378,"column":6},"end":{"line":378,"column":22}},"162":{"start":{"line":383,"column":0},"end":{"line":383,"column":32}}},"fnMap":{"0":{"name":"(anonymous_0)","decl":{"start":{"line":20,"column":2},"end":{"line":20,"column":3}},"loc":{"start":{"line":20,"column":16},"end":{"line":27,"column":3}},"line":20},"1":{"name":"(anonymous_1)","decl":{"start":{"line":30,"column":2},"end":{"line":30,"column":3}},"loc":{"start":{"line":30,"column":18},"end":{"line":32,"column":3}},"line":30},"2":{"name":"(anonymous_2)","decl":{"start":{"line":31,"column":23},"end":{"line":31,"column":24}},"loc":{"start":{"line":31,"column":36},"end":{"line":31,"column":59}},"line":31},"3":{"name":"(anonymous_3)","decl":{"start":{"line":34,"column":2},"end":{"line":34,"column":3}},"loc":{"start":{"line":34,"column":43},"end":{"line":48,"column":3}},"line":34},"4":{"name":"(anonymous_4)","decl":{"start":{"line":50,"column":2},"end":{"line":50,"column":3}},"loc":{"start":{"line":50,"column":28},"end":{"line":83,"column":3}},"line":50},"5":{"name":"(anonymous_5)","decl":{"start":{"line":85,"column":2},"end":{"line":85,"column":3}},"loc":{"start":{"line":85,"column":27},"end":{"line":99,"column":3}},"line":85},"6":{"name":"(anonymous_6)","decl":{"start":{"line":101,"column":2},"end":{"line":101,"column":3}},"loc":{"start":{"line":101,"column":27},"end":{"line":120,"column":3}},"line":101},"7":{"name":"(anonymous_7)","decl":{"start":{"line":110,"column":16},"end":{"line":110,"column":17}},"loc":{"start":{"line":110,"column":28},"end":{"line":110,"column":48}},"line":110},"8":{"name":"(anonymous_8)","decl":{"start":{"line":112,"column":10},"end":{"line":112,"column":11}},"loc":{"start":{"line":113,"column":12},"end":{"line":113,"column":75}},"line":113},"9":{"name":"(anonymous_9)","decl":{"start":{"line":115,"column":13},"end":{"line":115,"column":14}},"loc":{"start":{"line":115,"column":25},"end":{"line":115,"column":38}},"line":115},"10":{"name":"(anonymous_10)","decl":{"start":{"line":122,"column":2},"end":{"line":122,"column":3}},"loc":{"start":{"line":122,"column":28},"end":{"line":132,"column":3}},"line":122},"11":{"name":"(anonymous_11)","decl":{"start":{"line":134,"column":2},"end":{"line":134,"column":3}},"loc":{"start":{"line":134,"column":24},"end":{"line":196,"column":3}},"line":134},"12":{"name":"(anonymous_12)","decl":{"start":{"line":198,"column":2},"end":{"line":198,"column":3}},"loc":{"start":{"line":198,"column":19},"end":{"line":212,"column":3}},"line":198},"13":{"name":"(anonymous_13)","decl":{"start":{"line":205,"column":27},"end":{"line":205,"column":28}},"loc":{"start":{"line":205,"column":56},"end":{"line":209,"column":5}},"line":205},"14":{"name":"(anonymous_14)","decl":{"start":{"line":214,"column":2},"end":{"line":214,"column":3}},"loc":{"start":{"line":214,"column":25},"end":{"line":280,"column":3}},"line":214},"15":{"name":"(anonymous_15)","decl":{"start":{"line":230,"column":34},"end":{"line":230,"column":35}},"loc":{"start":{"line":230,"column":46},"end":{"line":232,"column":5}},"line":230},"16":{"name":"(anonymous_16)","decl":{"start":{"line":273,"column":31},"end":{"line":273,"column":32}},"loc":{"start":{"line":273,"column":43},"end":{"line":275,"column":9}},"line":273},"17":{"name":"(anonymous_17)","decl":{"start":{"line":282,"column":2},"end":{"line":282,"column":3}},"loc":{"start":{"line":282,"column":34},"end":{"line":294,"column":3}},"line":282},"18":{"name":"(anonymous_18)","decl":{"start":{"line":288,"column":23},"end":{"line":288,"column":24}},"loc":{"start":{"line":288,"column":36},"end":{"line":293,"column":5}},"line":288},"19":{"name":"(anonymous_19)","decl":{"start":{"line":289,"column":28},"end":{"line":289,"column":29}},"loc":{"start":{"line":289,"column":40},"end":{"line":292,"column":7}},"line":289},"20":{"name":"(anonymous_20)","decl":{"start":{"line":296,"column":2},"end":{"line":296,"column":3}},"loc":{"start":{"line":296,"column":13},"end":{"line":326,"column":3}},"line":296},"21":{"name":"(anonymous_21)","decl":{"start":{"line":328,"column":2},"end":{"line":328,"column":3}},"loc":{"start":{"line":328,"column":19},"end":{"line":360,"column":3}},"line":328},"22":{"name":"(anonymous_22)","decl":{"start":{"line":362,"column":2},"end":{"line":362,"column":3}},"loc":{"start":{"line":362,"column":14},"end":{"line":380,"column":3}},"line":362}},"branchMap":{"0":{"loc":{"start":{"line":34,"column":29},"end":{"line":34,"column":41}},"type":"default-arg","locations":[{"start":{"line":34,"column":39},"end":{"line":34,"column":41}}],"line":34},"1":{"loc":{"start":{"line":38,"column":15},"end":{"line":38,"column":50}},"type":"cond-expr","locations":[{"start":{"line":38,"column":32},"end":{"line":38,"column":38}},{"start":{"line":38,"column":41},"end":{"line":38,"column":50}}],"line":38},"2":{"loc":{"start":{"line":43,"column":6},"end":{"line":45,"column":7}},"type":"if","locations":[{"start":{"line":43,"column":6},"end":{"line":45,"column":7}},{"start":{},"end":{}}],"line":43},"3":{"loc":{"start":{"line":55,"column":4},"end":{"line":61,"column":5}},"type":"if","locations":[{"start":{"line":55,"column":4},"end":{"line":61,"column":5}},{"start":{},"end":{}}],"line":55},"4":{"loc":{"start":{"line":66,"column":4},"end":{"line":71,"column":5}},"type":"if","locations":[{"start":{"line":66,"column":4},"end":{"line":71,"column":5}},{"start":{},"end":{}}],"line":66},"5":{"loc":{"start":{"line":76,"column":4},"end":{"line":79,"column":5}},"type":"if","locations":[{"start":{"line":76,"column":4},"end":{"line":79,"column":5}},{"start":{},"end":{}}],"line":76},"6":{"loc":{"start":{"line":140,"column":4},"end":{"line":143,"column":5}},"type":"if","locations":[{"start":{"line":140,"column":4},"end":{"line":143,"column":5}},{"start":{},"end":{}}],"line":140},"7":{"loc":{"start":{"line":159,"column":6},"end":{"line":169,"column":7}},"type":"if","locations":[{"start":{"line":159,"column":6},"end":{"line":169,"column":7}},{"start":{},"end":{}}],"line":159},"8":{"loc":{"start":{"line":161,"column":52},"end":{"line":161,"column":73}},"type":"binary-expr","locations":[{"start":{"line":161,"column":52},"end":{"line":161,"column":60}},{"start":{"line":161,"column":64},"end":{"line":161,"column":73}}],"line":161},"9":{"loc":{"start":{"line":172,"column":6},"end":{"line":186,"column":7}},"type":"switch","locations":[{"start":{"line":173,"column":8},"end":{"line":177,"column":16}},{"start":{"line":178,"column":8},"end":{"line":181,"column":16}},{"start":{"line":182,"column":8},"end":{"line":185,"column":16}}],"line":172},"10":{"loc":{"start":{"line":215,"column":4},"end":{"line":218,"column":5}},"type":"if","locations":[{"start":{"line":215,"column":4},"end":{"line":218,"column":5}},{"start":{},"end":{}}],"line":215},"11":{"loc":{"start":{"line":221,"column":4},"end":{"line":227,"column":5}},"type":"if","locations":[{"start":{"line":221,"column":4},"end":{"line":227,"column":5}},{"start":{"line":223,"column":11},"end":{"line":227,"column":5}}],"line":221},"12":{"loc":{"start":{"line":234,"column":4},"end":{"line":237,"column":5}},"type":"if","locations":[{"start":{"line":234,"column":4},"end":{"line":237,"column":5}},{"start":{},"end":{}}],"line":234},"13":{"loc":{"start":{"line":243,"column":4},"end":{"line":279,"column":5}},"type":"if","locations":[{"start":{"line":243,"column":4},"end":{"line":279,"column":5}},{"start":{"line":277,"column":11},"end":{"line":279,"column":5}}],"line":243},"14":{"loc":{"start":{"line":267,"column":6},"end":{"line":276,"column":7}},"type":"if","locations":[{"start":{"line":267,"column":6},"end":{"line":276,"column":7}},{"start":{"line":269,"column":13},"end":{"line":276,"column":7}}],"line":267},"15":{"loc":{"start":{"line":291,"column":16},"end":{"line":291,"column":78}},"type":"binary-expr","locations":[{"start":{"line":291,"column":16},"end":{"line":291,"column":44}},{"start":{"line":291,"column":48},"end":{"line":291,"column":78}}],"line":291},"16":{"loc":{"start":{"line":331,"column":4},"end":{"line":339,"column":5}},"type":"if","locations":[{"start":{"line":331,"column":4},"end":{"line":339,"column":5}},{"start":{},"end":{}}],"line":331},"17":{"loc":{"start":{"line":331,"column":8},"end":{"line":331,"column":43}},"type":"binary-expr","locations":[{"start":{"line":331,"column":8},"end":{"line":331,"column":15}},{"start":{"line":331,"column":19},"end":{"line":331,"column":43}}],"line":331},"18":{"loc":{"start":{"line":341,"column":6},"end":{"line":358,"column":7}},"type":"switch","locations":[{"start":{"line":342,"column":8},"end":{"line":342,"column":25}},{"start":{"line":343,"column":8},"end":{"line":345,"column":16}},{"start":{"line":346,"column":8},"end":{"line":346,"column":25}},{"start":{"line":347,"column":8},"end":{"line":349,"column":16}},{"start":{"line":350,"column":8},"end":{"line":350,"column":22}},{"start":{"line":351,"column":8},"end":{"line":353,"column":19}},{"start":{"line":354,"column":8},"end":{"line":357,"column":26}}],"line":341}},"s":{"0":2,"1":2,"2":2,"3":2,"4":2,"5":2,"6":51,"7":51,"8":51,"9":51,"10":51,"11":51,"12":1,"13":1,"14":4,"15":4,"16":2,"17":2,"18":1,"19":1,"20":4,"21":4,"22":4,"23":1,"24":1,"25":4,"26":4,"27":4,"28":1,"29":1,"30":4,"31":4,"32":4,"33":1,"34":1,"35":4,"36":4,"37":2,"38":2,"39":2,"40":2,"41":1,"42":1,"43":1,"44":1,"45":4,"46":4,"47":3,"48":10,"49":9,"50":5,"51":1,"52":1,"53":2,"54":2,"55":1,"56":1,"57":7,"58":7,"59":7,"60":7,"61":1,"62":1,"63":6,"64":6,"65":6,"66":9,"67":9,"68":9,"69":9,"70":3,"71":3,"72":3,"73":9,"74":3,"75":3,"76":3,"77":3,"78":2,"79":2,"80":2,"81":4,"82":4,"83":4,"84":9,"85":9,"86":6,"87":6,"88":1,"89":1,"90":1,"91":1,"92":2,"93":1,"94":5,"95":1,"96":1,"97":4,"98":4,"99":1,"100":3,"101":4,"102":7,"103":4,"104":1,"105":1,"106":3,"107":3,"108":2,"109":2,"110":2,"111":2,"112":2,"113":4,"114":4,"115":4,"116":4,"117":4,"118":3,"119":3,"120":1,"121":2,"122":1,"123":1,"124":1,"125":1,"126":1,"127":3,"128":3,"129":3,"130":3,"131":3,"132":1,"133":12,"134":12,"135":2,"136":2,"137":1,"138":1,"139":2,"140":12,"141":12,"142":5,"143":5,"144":2,"145":2,"146":4,"147":4,"148":1,"149":1,"150":1,"151":4,"152":4,"153":4,"154":4,"155":4,"156":3,"157":3,"158":3,"159":3,"160":1,"161":1,"162":2},"f":{"0":51,"1":1,"2":1,"3":4,"4":4,"5":2,"6":4,"7":10,"8":9,"9":5,"10":2,"11":7,"12":1,"13":2,"14":5,"15":7,"16":1,"17":3,"18":3,"19":3,"20":1,"21":12,"22":4},"b":{"0":[2],"1":[2,2],"2":[1,1],"3":[1,3],"4":[1,3],"5":[1,3],"6":[1,6],"7":[3,6],"8":[3,1],"9":[3,2,4],"10":[1,4],"11":[1,3],"12":[1,3],"13":[2,1],"14":[1,1],"15":[3,2],"16":[2,10],"17":[12,12],"18":[4,5,1,2,2,4,1]},"_coverageSchema":"1a1c01bbd47fc00a2c39e90264f33305004495a9","hash":"50a88df877c4dedc7f65e9fa06824ae6b44f21c6"}
,"C:\\Users\\ondro\\source\\repos\\JS\\git-local-branch-cleanup\\src\\utils\\index.js": {"path":"C:\\Users\\ondro\\source\\repos\\JS\\git-local-branch-cleanup\\src\\utils\\index.js","statementMap":{"0":{"start":{"line":1,"column":21},"end":{"line":1,"column":45}},"1":{"start":{"line":5,"column":2},"end":{"line":16,"column":3}},"2":{"start":{"line":7,"column":4},"end":{"line":12,"column":5}},"3":{"start":{"line":8,"column":6},"end":{"line":8,"column":44}},"4":{"start":{"line":11,"column":6},"end":{"line":11,"column":52}},"5":{"start":{"line":15,"column":4},"end":{"line":15,"column":50}},"6":{"start":{"line":19,"column":2},"end":{"line":19,"column":33}},"7":{"start":{"line":22,"column":0},"end":{"line":22,"column":31}}},"fnMap":{"0":{"name":"clearTerminal","decl":{"start":{"line":3,"column":9},"end":{"line":3,"column":22}},"loc":{"start":{"line":3,"column":25},"end":{"line":20,"column":1}},"line":3}},"branchMap":{"0":{"loc":{"start":{"line":5,"column":2},"end":{"line":16,"column":3}},"type":"if","locations":[{"start":{"line":5,"column":2},"end":{"line":16,"column":3}},{"start":{"line":13,"column":9},"end":{"line":16,"column":3}}],"line":5}},"s":{"0":1,"1":3,"2":2,"3":2,"4":1,"5":1,"6":3,"7":1},"f":{"0":3},"b":{"0":[2,1]},"_coverageSchema":"1a1c01bbd47fc00a2c39e90264f33305004495a9","hash":"0835b467682ac64f04c5140dddb4060e1b9d5741"}
,"C:\\Users\\ondro\\source\\repos\\JS\\git-local-branch-cleanup\\src\\utils\\spinner.js": {"path":"C:\\Users\\ondro\\source\\repos\\JS\\git-local-branch-cleanup\\src\\utils\\spinner.js","statementMap":{"0":{"start":{"line":1,"column":15},"end":{"line":8,"column":1}},"1":{"start":{"line":12,"column":4},"end":{"line":12,"column":27}},"2":{"start":{"line":13,"column":4},"end":{"line":13,"column":69}},"3":{"start":{"line":14,"column":4},"end":{"line":14,"column":21}},"4":{"start":{"line":15,"column":4},"end":{"line":15,"column":25}},"5":{"start":{"line":16,"column":4},"end":{"line":16,"column":28}},"6":{"start":{"line":20,"column":4},"end":{"line":20,"column":32}},"7":{"start":{"line":20,"column":25},"end":{"line":20,"column":32}},"8":{"start":{"line":21,"column":4},"end":{"line":21,"column":27}},"9":{"start":{"line":22,"column":4},"end":{"line":22,"column":38}},"10":{"start":{"line":23,"column":4},"end":{"line":28,"column":12}},"11":{"start":{"line":24,"column":6},"end":{"line":26,"column":8}},"12":{"start":{"line":27,"column":6},"end":{"line":27,"column":61}},"13":{"start":{"line":32,"column":4},"end":{"line":32,"column":33}},"14":{"start":{"line":32,"column":26},"end":{"line":32,"column":33}},"15":{"start":{"line":33,"column":4},"end":{"line":33,"column":28}},"16":{"start":{"line":34,"column":4},"end":{"line":34,"column":33}},"17":{"start":{"line":35,"column":4},"end":{"line":35,"column":25}},"18":{"start":{"line":36,"column":4},"end":{"line":36,"column":37}},"19":{"start":{"line":37,"column":4},"end":{"line":37,"column":38}},"20":{"start":{"line":41,"column":4},"end":{"line":41,"column":27}},"21":{"start":{"line":45,"column":4},"end":{"line":45,"column":16}},"22":{"start":{"line":46,"column":4},"end":{"line":46,"column":62}},"23":{"start":{"line":50,"column":4},"end":{"line":50,"column":16}},"24":{"start":{"line":51,"column":4},"end":{"line":51,"column":60}},"25":{"start":{"line":55,"column":4},"end":{"line":55,"column":16}},"26":{"start":{"line":56,"column":4},"end":{"line":56,"column":65}},"27":{"start":{"line":60,"column":4},"end":{"line":60,"column":16}},"28":{"start":{"line":61,"column":4},"end":{"line":61,"column":63}},"29":{"start":{"line":65,"column":4},"end":{"line":65,"column":25}},"30":{"start":{"line":65,"column":18},"end":{"line":65,"column":25}},"31":{"start":{"line":66,"column":4},"end":{"line":66,"column":16}},"32":{"start":{"line":67,"column":4},"end":{"line":67,"column":69}},"33":{"start":{"line":71,"column":4},"end":{"line":71,"column":53}},"34":{"start":{"line":75,"column":0},"end":{"line":75,"column":25}}},"fnMap":{"0":{"name":"(anonymous_0)","decl":{"start":{"line":11,"column":2},"end":{"line":11,"column":3}},"loc":{"start":{"line":11,"column":38},"end":{"line":17,"column":3}},"line":11},"1":{"name":"(anonymous_1)","decl":{"start":{"line":19,"column":2},"end":{"line":19,"column":3}},"loc":{"start":{"line":19,"column":10},"end":{"line":29,"column":3}},"line":19},"2":{"name":"(anonymous_2)","decl":{"start":{"line":23,"column":32},"end":{"line":23,"column":33}},"loc":{"start":{"line":23,"column":38},"end":{"line":28,"column":5}},"line":23},"3":{"name":"(anonymous_3)","decl":{"start":{"line":31,"column":2},"end":{"line":31,"column":3}},"loc":{"start":{"line":31,"column":9},"end":{"line":38,"column":3}},"line":31},"4":{"name":"(anonymous_4)","decl":{"start":{"line":40,"column":2},"end":{"line":40,"column":3}},"loc":{"start":{"line":40,"column":25},"end":{"line":42,"column":3}},"line":40},"5":{"name":"(anonymous_5)","decl":{"start":{"line":44,"column":2},"end":{"line":44,"column":3}},"loc":{"start":{"line":44,"column":19},"end":{"line":47,"column":3}},"line":44},"6":{"name":"(anonymous_6)","decl":{"start":{"line":49,"column":2},"end":{"line":49,"column":3}},"loc":{"start":{"line":49,"column":17},"end":{"line":52,"column":3}},"line":49},"7":{"name":"(anonymous_7)","decl":{"start":{"line":54,"column":2},"end":{"line":54,"column":3}},"loc":{"start":{"line":54,"column":19},"end":{"line":57,"column":3}},"line":54},"8":{"name":"(anonymous_8)","decl":{"start":{"line":59,"column":2},"end":{"line":59,"column":3}},"loc":{"start":{"line":59,"column":16},"end":{"line":62,"column":3}},"line":59},"9":{"name":"(anonymous_9)","decl":{"start":{"line":64,"column":2},"end":{"line":64,"column":3}},"loc":{"start":{"line":64,"column":34},"end":{"line":68,"column":3}},"line":64},"10":{"name":"(anonymous_10)","decl":{"start":{"line":70,"column":2},"end":{"line":70,"column":3}},"loc":{"start":{"line":70,"column":27},"end":{"line":72,"column":3}},"line":70}},"branchMap":{"0":{"loc":{"start":{"line":11,"column":14},"end":{"line":11,"column":36}},"type":"default-arg","locations":[{"start":{"line":11,"column":24},"end":{"line":11,"column":36}}],"line":11},"1":{"loc":{"start":{"line":20,"column":4},"end":{"line":20,"column":32}},"type":"if","locations":[{"start":{"line":20,"column":4},"end":{"line":20,"column":32}},{"start":{},"end":{}}],"line":20},"2":{"loc":{"start":{"line":32,"column":4},"end":{"line":32,"column":33}},"type":"if","locations":[{"start":{"line":32,"column":4},"end":{"line":32,"column":33}},{"start":{},"end":{}}],"line":32},"3":{"loc":{"start":{"line":64,"column":17},"end":{"line":64,"column":32}},"type":"default-arg","locations":[{"start":{"line":64,"column":27},"end":{"line":64,"column":32}}],"line":64},"4":{"loc":{"start":{"line":65,"column":4},"end":{"line":65,"column":25}},"type":"if","locations":[{"start":{"line":65,"column":4},"end":{"line":65,"column":25}},{"start":{},"end":{}}],"line":65},"5":{"loc":{"start":{"line":70,"column":15},"end":{"line":70,"column":25}},"type":"default-arg","locations":[{"start":{"line":70,"column":23},"end":{"line":70,"column":25}}],"line":70}},"s":{"0":3,"1":72,"2":72,"3":72,"4":72,"5":72,"6":8,"7":2,"8":6,"9":6,"10":6,"11":13,"12":13,"13":5,"14":2,"15":3,"16":3,"17":3,"18":3,"19":3,"20":1,"21":1,"22":1,"23":1,"24":1,"25":1,"26":1,"27":1,"28":1,"29":3,"30":2,"31":1,"32":1,"33":2,"34":3},"f":{"0":72,"1":8,"2":13,"3":5,"4":1,"5":1,"6":1,"7":1,"8":1,"9":3,"10":2},"b":{"0":[63],"1":[2,6],"2":[2,3],"3":[1],"4":[2,1],"5":[1]},"_coverageSchema":"1a1c01bbd47fc00a2c39e90264f33305004495a9","hash":"ef2150a05a4966ad4634b829eab385c71c63ac1a"}
}
