TN:
SF:src\index.js
FN:20,(anonymous_0)
FN:30,(anonymous_1)
FN:31,(anonymous_2)
FN:34,(anonymous_3)
FN:50,(anonymous_4)
FN:85,(anonymous_5)
FN:101,(anonymous_6)
FN:110,(anonymous_7)
FN:112,(anonymous_8)
FN:115,(anonymous_9)
FN:122,(anonymous_10)
FN:134,(anonymous_11)
FN:198,(anonymous_12)
FN:205,(anonymous_13)
FN:214,(anonymous_14)
FN:230,(anonymous_15)
FN:273,(anonymous_16)
FN:282,(anonymous_17)
FN:288,(anonymous_18)
FN:289,(anonymous_19)
FN:296,(anonymous_20)
FN:328,(anonymous_21)
FN:362,(anonymous_22)
FNF:23
FNH:23
FNDA:51,(anonymous_0)
FNDA:1,(anonymous_1)
FNDA:1,(anonymous_2)
FNDA:4,(anonymous_3)
FNDA:4,(anonymous_4)
FNDA:2,(anonymous_5)
FNDA:4,(anonymous_6)
FNDA:10,(anonymous_7)
FNDA:9,(anonymous_8)
FNDA:5,(anonymous_9)
FNDA:2,(anonymous_10)
FNDA:7,(anonymous_11)
FNDA:1,(anonymous_12)
FNDA:2,(anonymous_13)
FNDA:5,(anonymous_14)
FNDA:7,(anonymous_15)
FNDA:1,(anonymous_16)
FNDA:3,(anonymous_17)
FNDA:3,(anonymous_18)
FNDA:3,(anonymous_19)
FNDA:1,(anonymous_20)
FNDA:12,(anonymous_21)
FNDA:4,(anonymous_22)
DA:3,2
DA:4,2
DA:5,2
DA:6,2
DA:7,2
DA:10,2
DA:21,51
DA:22,51
DA:23,51
DA:24,51
DA:25,51
DA:26,51
DA:31,1
DA:35,4
DA:36,4
DA:41,2
DA:43,2
DA:44,1
DA:46,1
DA:51,4
DA:52,4
DA:55,4
DA:59,1
DA:60,1
DA:62,4
DA:64,4
DA:66,4
DA:67,1
DA:70,1
DA:72,4
DA:74,4
DA:76,4
DA:77,1
DA:78,1
DA:80,4
DA:82,4
DA:86,2
DA:87,2
DA:89,2
DA:90,2
DA:93,1
DA:94,1
DA:96,1
DA:97,1
DA:102,4
DA:103,4
DA:108,3
DA:110,10
DA:113,9
DA:115,5
DA:117,1
DA:118,1
DA:123,2
DA:124,2
DA:128,1
DA:130,1
DA:135,7
DA:136,7
DA:138,7
DA:140,7
DA:141,1
DA:142,1
DA:145,6
DA:150,6
DA:151,9
DA:152,9
DA:156,9
DA:159,9
DA:160,3
DA:165,3
DA:168,3
DA:172,9
DA:174,3
DA:175,3
DA:176,3
DA:177,3
DA:179,2
DA:180,2
DA:181,2
DA:183,4
DA:184,4
DA:185,4
DA:188,9
DA:191,9
DA:194,6
DA:195,6
DA:199,1
DA:200,1
DA:203,1
DA:205,1
DA:206,2
DA:211,1
DA:215,5
DA:216,1
DA:217,1
DA:220,4
DA:221,4
DA:222,1
DA:224,3
DA:230,4
DA:231,7
DA:234,4
DA:235,1
DA:236,1
DA:239,3
DA:243,3
DA:244,2
DA:246,2
DA:247,2
DA:249,2
DA:250,4
DA:251,4
DA:254,4
DA:256,4
DA:257,4
DA:258,3
DA:260,3
DA:262,1
DA:267,2
DA:268,1
DA:270,1
DA:273,1
DA:274,1
DA:278,1
DA:283,3
DA:288,3
DA:289,3
DA:290,3
DA:291,3
DA:297,1
DA:329,12
DA:331,12
DA:332,2
DA:333,2
DA:335,1
DA:336,1
DA:338,2
DA:340,12
DA:341,12
DA:344,5
DA:345,5
DA:348,2
DA:349,2
DA:352,4
DA:353,4
DA:355,1
DA:356,1
DA:357,1
DA:363,4
DA:365,4
DA:369,4
DA:370,4
DA:371,4
DA:372,3
DA:373,3
DA:374,3
DA:375,3
DA:377,1
DA:378,1
DA:383,2
LF:160
LH:160
BRDA:34,0,0,2
BRDA:38,1,0,2
BRDA:38,1,1,2
BRDA:43,2,0,1
BRDA:43,2,1,1
BRDA:55,3,0,1
BRDA:55,3,1,3
BRDA:66,4,0,1
BRDA:66,4,1,3
BRDA:76,5,0,1
BRDA:76,5,1,3
BRDA:140,6,0,1
BRDA:140,6,1,6
BRDA:159,7,0,3
BRDA:159,7,1,6
BRDA:161,8,0,3
BRDA:161,8,1,1
BRDA:172,9,0,3
BRDA:172,9,1,2
BRDA:172,9,2,4
BRDA:215,10,0,1
BRDA:215,10,1,4
BRDA:221,11,0,1
BRDA:221,11,1,3
BRDA:234,12,0,1
BRDA:234,12,1,3
BRDA:243,13,0,2
BRDA:243,13,1,1
BRDA:267,14,0,1
BRDA:267,14,1,1
BRDA:291,15,0,3
BRDA:291,15,1,2
BRDA:331,16,0,2
BRDA:331,16,1,10
BRDA:331,17,0,12
BRDA:331,17,1,12
BRDA:341,18,0,4
BRDA:341,18,1,5
BRDA:341,18,2,1
BRDA:341,18,3,2
BRDA:341,18,4,2
BRDA:341,18,5,4
BRDA:341,18,6,1
BRF:43
BRH:43
end_of_record
TN:
SF:src\utils\index.js
FN:3,clearTerminal
FNF:1
FNH:1
FNDA:3,clearTerminal
DA:1,1
DA:5,3
DA:7,2
DA:8,2
DA:11,1
DA:15,1
DA:19,3
DA:22,1
LF:8
LH:8
BRDA:5,0,0,2
BRDA:5,0,1,1
BRF:2
BRH:2
end_of_record
TN:
SF:src\utils\spinner.js
FN:11,(anonymous_0)
FN:19,(anonymous_1)
FN:23,(anonymous_2)
FN:31,(anonymous_3)
FN:40,(anonymous_4)
FN:44,(anonymous_5)
FN:49,(anonymous_6)
FN:54,(anonymous_7)
FN:59,(anonymous_8)
FN:64,(anonymous_9)
FN:70,(anonymous_10)
FNF:11
FNH:11
FNDA:72,(anonymous_0)
FNDA:8,(anonymous_1)
FNDA:13,(anonymous_2)
FNDA:5,(anonymous_3)
FNDA:1,(anonymous_4)
FNDA:1,(anonymous_5)
FNDA:1,(anonymous_6)
FNDA:1,(anonymous_7)
FNDA:1,(anonymous_8)
FNDA:3,(anonymous_9)
FNDA:2,(anonymous_10)
DA:1,3
DA:12,72
DA:13,72
DA:14,72
DA:15,72
DA:16,72
DA:20,8
DA:21,6
DA:22,6
DA:23,6
DA:24,13
DA:27,13
DA:32,5
DA:33,3
DA:34,3
DA:35,3
DA:36,3
DA:37,3
DA:41,1
DA:45,1
DA:46,1
DA:50,1
DA:51,1
DA:55,1
DA:56,1
DA:60,1
DA:61,1
DA:65,3
DA:66,1
DA:67,1
DA:71,2
DA:75,3
LF:32
LH:32
BRDA:11,0,0,63
BRDA:20,1,0,2
BRDA:20,1,1,6
BRDA:32,2,0,2
BRDA:32,2,1,3
BRDA:64,3,0,1
BRDA:65,4,0,2
BRDA:65,4,1,1
BRDA:70,5,0,1
BRF:9
BRH:9
end_of_record
